This is pdfTeX, Version 3.141592-1.40.3 (Web2C 7.5.6) (format=pdflatex 2007.2.9)  2 MAY 2007 17:28
entering extended mode
**\input panjo.tex
(./panjo.tex (/usr/local/gwTeX/texmf.texlive/tex/latex/base/article.cls
Document Class: article 2005/09/16 v1.4f Standard LaTeX document class
(/usr/local/gwTeX/texmf.texlive/tex/latex/base/size12.clo
File: size12.clo 2005/09/16 v1.4f Standard LaTeX file (size option)
)
\c@part=\count79
\c@section=\count80
\c@subsection=\count81
\c@subsubsection=\count82
\c@paragraph=\count83
\c@subparagraph=\count84
\c@figure=\count85
\c@table=\count86
\abovecaptionskip=\skip41
\belowcaptionskip=\skip42
\bibindent=\dimen102
)
(/usr/local/gwTeX/texmf.texlive/tex/latex/graphics/graphicx.sty
Package: graphicx 1999/02/16 v1.0f Enhanced LaTeX Graphics (DPC,SPQR)

(/usr/local/gwTeX/texmf.texlive/tex/latex/graphics/keyval.sty
Package: keyval 1999/03/16 v1.13 key=value parser (DPC)
\KV@toks@=\toks14
)
(/usr/local/gwTeX/texmf.texlive/tex/latex/graphics/graphics.sty
Package: graphics 2006/02/20 v1.0o Standard LaTeX Graphics (DPC,SPQR)

(/usr/local/gwTeX/texmf.texlive/tex/latex/graphics/trig.sty
Package: trig 1999/03/16 v1.09 sin cos tan (DPC)
)
(/usr/local/gwTeX/texmf.texlive/tex/latex/config/graphics.cfg
File: graphics.cfg 2007/01/18 v1.5 graphics configuration of teTeX/TeXLive
)
Package graphics Info: Driver file: pdftex.def on input line 90.

(/usr/local/gwTeX/texmf.texlive/tex/latex/pdftex-def/pdftex.def
File: pdftex.def 2007/01/08 v0.04d Graphics/color for pdfTeX
\Gread@gobject=\count87
))
\Gin@req@height=\dimen103
\Gin@req@width=\dimen104
)
(/usr/local/gwTeX/texmf.texlive/tex/latex/hyperref/hyperref.sty
Package: hyperref 2007/01/25 v6.75q Hypertext links for LaTeX
\@linkdim=\dimen105
\Hy@linkcounter=\count88
\Hy@pagecounter=\count89

(/usr/local/gwTeX/texmf.texlive/tex/latex/hyperref/pd1enc.def
File: pd1enc.def 2007/01/25 v6.75q Hyperref: PDFDocEncoding definition (HO)
)
(/usr/local/gwTeX/texmf.texlive/tex/latex/config/hyperref.cfg
File: hyperref.cfg 2002/06/06 v1.2 hyperref configuration of TeXLive
)
(/usr/local/gwTeX/texmf.texlive/tex/latex/oberdiek/kvoptions.sty
Package: kvoptions 2006/08/22 v2.4 Connects package keyval with LaTeX options (
HO)
)
Package hyperref Info: Hyper figures OFF on input line 2288.
Package hyperref Info: Link nesting OFF on input line 2293.
Package hyperref Info: Hyper index ON on input line 2296.
Package hyperref Info: Plain pages OFF on input line 2303.
Package hyperref Info: Backreferencing OFF on input line 2308.

Implicit mode ON; LaTeX internals redefined
Package hyperref Info: Bookmarks ON on input line 2444.
(/usr/local/gwTeX/texmf.texlive/tex/latex/ltxmisc/url.sty
\Urlmuskip=\muskip10
Package: url 2005/06/27  ver 3.2  Verb mode for urls, etc.
)
LaTeX Info: Redefining \url on input line 2599.
\Fld@menulength=\count90
\Field@Width=\dimen106
\Fld@charsize=\dimen107
\Choice@toks=\toks15
\Field@toks=\toks16
Package hyperref Info: Hyper figures OFF on input line 3102.
Package hyperref Info: Link nesting OFF on input line 3107.
Package hyperref Info: Hyper index ON on input line 3110.
Package hyperref Info: backreferencing OFF on input line 3117.
Package hyperref Info: Link coloring OFF on input line 3122.
\Hy@abspage=\count91
\c@Item=\count92
\c@Hfootnote=\count93
)
*hyperref using driver hpdftex*
(/usr/local/gwTeX/texmf.texlive/tex/latex/hyperref/hpdftex.def
File: hpdftex.def 2007/01/25 v6.75q Hyperref driver for pdfTeX
\Fld@listcount=\count94
)
(/usr/local/gwTeX/texmf.texlive/tex/latex/graphics/epsfig.sty
Package: epsfig 1999/02/16 v1.7a (e)psfig emulation (SPQR)
\epsfxsize=\dimen108
\epsfysize=\dimen109
)
(/usr/local/gwTeX/texmf.texlive/tex/latex/amsfonts/amssymb.sty
Package: amssymb 2002/01/22 v2.2d

(/usr/local/gwTeX/texmf.texlive/tex/latex/amsfonts/amsfonts.sty
Package: amsfonts 2001/10/25 v2.2f
\@emptytoks=\toks17
\symAMSa=\mathgroup4
\symAMSb=\mathgroup5
LaTeX Font Info:    Overwriting math alphabet `\mathfrak' in version `bold'
(Font)                  U/euf/m/n --> U/euf/b/n on input line 132.
))
(/usr/local/gwTeX/texmf.texlive/tex/latex/amsmath/amsmath.sty
Package: amsmath 2000/07/18 v2.13 AMS math features
\@mathmargin=\skip43

For additional information on amsmath, use the `?' option.
(/usr/local/gwTeX/texmf.texlive/tex/latex/amsmath/amstext.sty
Package: amstext 2000/06/29 v2.01

(/usr/local/gwTeX/texmf.texlive/tex/latex/amsmath/amsgen.sty
File: amsgen.sty 1999/11/30 v2.0
\@emptytoks=\toks18
\ex@=\dimen110
))
(/usr/local/gwTeX/texmf.texlive/tex/latex/amsmath/amsbsy.sty
Package: amsbsy 1999/11/29 v1.2d
\pmbraise@=\dimen111
)
(/usr/local/gwTeX/texmf.texlive/tex/latex/amsmath/amsopn.sty
Package: amsopn 1999/12/14 v2.01 operator names
)
\inf@bad=\count95
LaTeX Info: Redefining \frac on input line 211.
\uproot@=\count96
\leftroot@=\count97
LaTeX Info: Redefining \overline on input line 307.
\classnum@=\count98
\DOTSCASE@=\count99
LaTeX Info: Redefining \ldots on input line 379.
LaTeX Info: Redefining \dots on input line 382.
LaTeX Info: Redefining \cdots on input line 467.
\Mathstrutbox@=\box26
\strutbox@=\box27
\big@size=\dimen112
LaTeX Font Info:    Redeclaring font encoding OML on input line 567.
LaTeX Font Info:    Redeclaring font encoding OMS on input line 568.
\macc@depth=\count100
\c@MaxMatrixCols=\count101
\dotsspace@=\muskip11
\c@parentequation=\count102
\dspbrk@lvl=\count103
\tag@help=\toks19
\row@=\count104
\column@=\count105
\maxfields@=\count106
\andhelp@=\toks20
\eqnshift@=\dimen113
\alignsep@=\dimen114
\tagshift@=\dimen115
\tagwidth@=\dimen116
\totwidth@=\dimen117
\lineht@=\dimen118
\@envbody=\toks21
\multlinegap=\skip44
\multlinetaggap=\skip45
\mathdisplay@stack=\toks22
LaTeX Info: Redefining \[ on input line 2666.
LaTeX Info: Redefining \] on input line 2667.
)
(/usr/local/gwTeX/texmf.texlive/tex/latex/jknapltx/mathrsfs.sty
Package: mathrsfs 1996/01/01 Math RSFS package v1.0 (jk)
\symrsfs=\mathgroup6
)
(/usr/local/gwTeX/texmf.texlive/tex/latex/fancyvrb/fancyvrb.sty
Package: fancyvrb 1998/07/17

Style option: `fancyvrb' v2.6, with DG/SPQR fixes <1998/07/17> (tvz)
\FV@CodeLineNo=\count107
\FV@InFile=\read1
\FV@TabBox=\box28
\c@FancyVerbLine=\count108
\FV@StepNumber=\count109
\FV@OutFile=\write3

No file fancyvrb.cfg.
) (/usr/local/gwTeX/texmf.texlive/tex/latex/caption/caption.sty
Package: caption 2007/01/07 v3.0k Customising captions (AR)

(/usr/local/gwTeX/texmf.texlive/tex/latex/caption/caption3.sty
Package: caption3 2007/01/07 v3.0k caption3 kernel (AR)
\captionmargin=\dimen119
\captionmarginx=\dimen120
\captionwidth=\dimen121
\captionindent=\dimen122
\captionparindent=\dimen123
\captionhangindent=\dimen124
)
Package caption Info: hyperref package v6.74m (or newer) detected on input line
 304.
)
(/usr/local/gwTeX/texmf.texlive/tex/latex/comment/comment.sty
\CommentStream=\write4

Excluding comment 'comment')
(/usr/local/gwTeX/texmf.texlive/tex/latex/fancyhdr/fancyhdr.sty
\fancy@headwidth=\skip46
\f@ncyO@elh=\skip47
\f@ncyO@erh=\skip48
\f@ncyO@olh=\skip49
\f@ncyO@orh=\skip50
\f@ncyO@elf=\skip51
\f@ncyO@erf=\skip52
\f@ncyO@olf=\skip53
\f@ncyO@orf=\skip54
)
(/usr/local/gwTeX/texmf.texlive/tex/latex/subfigure/subfigure.sty
Package: subfigure 2002/03/15 v2.1.5 subfigure package
\subfigtopskip=\skip55
\subfigcapskip=\skip56
\subfigcaptopadj=\dimen125
\subfigbottomskip=\skip57
\subfigcapmargin=\dimen126
\subfiglabelskip=\skip58
\c@subfigure=\count110
\c@lofdepth=\count111
\c@subtable=\count112
\c@lotdepth=\count113

****************************************
* Local config file subfigure.cfg used *
****************************************
(/usr/local/gwTeX/texmf.texlive/tex/latex/subfigure/subfigure.cfg)
\subfig@top=\skip59
\subfig@bottom=\skip60
)
(/usr/local/gwTeX/texmf.texlive/tex/latex/clrscode.sty
Package: clrscode 

(/usr/local/gwTeX/texmf.texlive/tex/latex/base/latexsym.sty
Package: latexsym 1998/08/17 v2.2e Standard LaTeX package (lasy symbols)
\symlasy=\mathgroup7
LaTeX Font Info:    Overwriting symbol font `lasy' in version `bold'
(Font)                  U/lasy/m/n --> U/lasy/b/n on input line 47.
)
\c@codelinenumber=\count114
\c@indent=\count115
\digitwidth=\skip61
\savecode=\box29
\codeboxwidth=\skip62
\c@thisindent=\count116
) (./panjo.aux)
\openout1 = `panjo.aux'.

LaTeX Font Info:    Checking defaults for OML/cmm/m/it on input line 93.
LaTeX Font Info:    ... okay on input line 93.
LaTeX Font Info:    Checking defaults for T1/cmr/m/n on input line 93.
LaTeX Font Info:    ... okay on input line 93.
LaTeX Font Info:    Checking defaults for OT1/cmr/m/n on input line 93.
LaTeX Font Info:    ... okay on input line 93.
LaTeX Font Info:    Checking defaults for OMS/cmsy/m/n on input line 93.
LaTeX Font Info:    ... okay on input line 93.
LaTeX Font Info:    Checking defaults for OMX/cmex/m/n on input line 93.
LaTeX Font Info:    ... okay on input line 93.
LaTeX Font Info:    Checking defaults for U/cmr/m/n on input line 93.
LaTeX Font Info:    ... okay on input line 93.
LaTeX Font Info:    Checking defaults for PD1/pdf/m/n on input line 93.
LaTeX Font Info:    ... okay on input line 93.

(/usr/local/gwTeX/texmf.texlive/tex/context/base/supp-pdf.tex
[Loading MPS to PDF converter (version 2006.09.02).]
\scratchcounter=\count117
\scratchdimen=\dimen127
\scratchbox=\box30
\nofMPsegments=\count118
\nofMParguments=\count119
\MPscratchCnt=\count120
\MPscratchDim=\dimen128
\MPnumerator=\count121
\everyMPtoPDFconversion=\toks23
)
Package hyperref Info: Link coloring OFF on input line 93.
 (/usr/local/gwTeX/texmf.texlive/tex/latex/hyperref/nameref.sty
Package: nameref 2006/12/27 v2.28 Cross-referencing by name of section

(/usr/local/gwTeX/texmf.texlive/tex/latex/oberdiek/refcount.sty
Package: refcount 2006/02/20 v3.0 Data extraction from references (HO)
)
\c@section@level=\count122
)
LaTeX Info: Redefining \ref on input line 93.
LaTeX Info: Redefining \pageref on input line 93.
 (./panjo.out) (./panjo.out)
\@outlinefile=\write5
\openout5 = `panjo.out'.

 (/usr/local/gwTeX/texmf.texlive/tex/latex/ragged2e/ragged2e.sty
Package: ragged2e 2003/03/25 v2.04 ragged2e Package (MS)

(/usr/local/gwTeX/texmf.texlive/tex/latex/everysel/everysel.sty
Package: everysel 1999/06/08 v1.03 EverySelectfont Package (MS)
LaTeX Info: Redefining \selectfont on input line 125.
)
\CenteringLeftskip=\skip63
\RaggedLeftLeftskip=\skip64
\RaggedRightLeftskip=\skip65
\CenteringRightskip=\skip66
\RaggedLeftRightskip=\skip67
\RaggedRightRightskip=\skip68
\CenteringParfillskip=\skip69
\RaggedLeftParfillskip=\skip70
\RaggedRightParfillskip=\skip71
\JustifyingParfillskip=\skip72
\CenteringParindent=\skip73
\RaggedLeftParindent=\skip74
\RaggedRightParindent=\skip75
\JustifyingParindent=\skip76
)
LaTeX Font Info:    Try loading font information for U+msa on input line 95.

(/usr/local/gwTeX/texmf.texlive/tex/latex/amsfonts/umsa.fd
File: umsa.fd 2002/01/19 v2.2g AMS font definitions
)
LaTeX Font Info:    Try loading font information for U+msb on input line 95.

(/usr/local/gwTeX/texmf.texlive/tex/latex/amsfonts/umsb.fd
File: umsb.fd 2002/01/19 v2.2g AMS font definitions
)
LaTeX Font Info:    Try loading font information for U+rsfs on input line 95.

(/usr/local/gwTeX/texmf.texlive/tex/latex/jknapltx/ursfs.fd
File: ursfs.fd 1998/03/24 rsfs font definition file (jk)
)
LaTeX Font Info:    Try loading font information for U+lasy on input line 95.

(/usr/local/gwTeX/texmf.texlive/tex/latex/base/ulasy.fd
File: ulasy.fd 1998/08/17 v2.2e LaTeX symbol font definitions
) (./panjo.toc)
\tf@toc=\write6
\openout6 = `panjo.toc'.



LaTeX Warning: Reference `fig:ex_tree' on page 1 undefined on input line 111.


LaTeX Warning: Citation `desantis_greengenes' on page 1 undefined on input line
 123.

[1

{/usr/local/gwTeX/texmf.local/fonts/map/pdftex/updmap/pdftex.map}]
<fig_mat.pdf, id=77, 380.42125pt x 371.3875pt>
File: fig_mat.pdf Graphic file (type pdf)
 <use fig_mat.pdf>
<fig_mat3.pdf, id=78, 443.6575pt x 381.425pt>
File: fig_mat3.pdf Graphic file (type pdf)
 <use fig_mat3.pdf>
LaTeX Font Info:    Try loading font information for OMS+cmr on input line 187.


(/usr/local/gwTeX/texmf.texlive/tex/latex/base/omscmr.fd
File: omscmr.fd 1999/05/25 v2.5h Standard LaTeX font definitions
)
LaTeX Font Info:    Font shape `OMS/cmr/m/n' in size <12> not available
(Font)              Font shape `OMS/cmsy/m/n' tried instead on input line 187.

Warning: Indentation ends at level -1 in codebox on page 2.

Package Fancyhdr Warning: \headheight is too small (12.0pt): 
 Make it at least 14.49998pt.
 We now make it that large for the rest of the document.
 This may cause the page layout to be inconsistent, however.

[2] [3 <./fig_mat.pdf>]
Overfull \vbox (146.53993pt too high) has occurred while \output is active []


[4 <./fig_mat3.pdf>] <plots/performance.pdf, id=110, 433.62pt x 433.62pt>
File: plots/performance.pdf Graphic file (type pdf)

<use plots/performance.pdf>
<plots/mpi_performance.pdf, id=111, 433.62pt x 433.62pt>
File: plots/mpi_performance.pdf Graphic file (type pdf)

<use plots/mpi_performance.pdf>
Overfull \hbox (147.2548pt too wide) in paragraph at lines 212--233
\OT1/cmr/m/n/12 We present per-for-mance plots for the fol-low-ing case. Dis-ta
nce ma-tri-ces of sizes $(1000\OML/cmm/m/it/12 ; \OT1/cmr/m/n/12 2000\OML/cmm/m
/it/12 ; \OT1/cmr/m/n/12 3000\OML/cmm/m/it/12 ; \OT1/cmr/m/n/12 4000\OML/cmm/m/
it/12 ; \OT1/cmr/m/n/12 5000\OML/cmm/m/it/12 ; \OT1/cmr/m/n/12 6000\OML/cmm/m/i
t/12 ; \OT1/cmr/m/n/12 7000\OML/cmm/m/it/12 ; \OT1/cmr/m/n/12 8000\OML/cmm/m/it
/12 ; \OT1/cmr/m/n/12 10000)$
 []

<plots/speedup.pdf, id=113, 433.62pt x 433.62pt>
File: plots/speedup.pdf Graphic file (type pdf)
 <use plots/speedup.pdf>
<plots/efficiency.pdf, id=114, 433.62pt x 433.62pt>
File: plots/efficiency.pdf Graphic file (type pdf)
 <use plots/efficiency.pdf>
(./panjo.bbl [5 <./plots/performance.pdf> <./plots/mpi_performance.pdf>])
[6 <./plots/speedup.pdf> <./plots/efficiency.pdf>] (./panjo.aux)

LaTeX Warning: There were undefined references.

 ) 
Here is how much of TeX's memory you used:
 5069 strings out of 94075
 71298 string characters out of 1163530
 2123836 words of memory out of 4575032
 8223 multiletter control sequences out of 10000+50000
 16597 words of font info for 68 fonts, out of 2000000 for 2000
 645 hyphenation exceptions out of 5000
 35i,10n,43p,453b,409s stack positions out of 5000i,500n,6000p,200000b,50000s
</usr/local/gwTeX/texmf.texlive/fonts/type1/bluesky/cm/cmbx10.pfb></usr/local
/gwTeX/texmf.texlive/fonts/type1/bluesky/cm/cmbx12.pfb></usr/local/gwTeX/texmf.
texlive/fonts/type1/bluesky/cm/cmcsc10.pfb></usr/local/gwTeX/texmf.texlive/font
s/type1/bluesky/cm/cmmi12.pfb></usr/local/gwTeX/texmf.texlive/fonts/type1/blues
ky/cm/cmmi8.pfb></usr/local/gwTeX/texmf.texlive/fonts/type1/bluesky/cm/cmr10.pf
b></usr/local/gwTeX/texmf.texlive/fonts/type1/bluesky/cm/cmr12.pfb></usr/local/
gwTeX/texmf.texlive/fonts/type1/bluesky/cm/cmr17.pfb></usr/local/gwTeX/texmf.te
xlive/fonts/type1/bluesky/cm/cmr8.pfb></usr/local/gwTeX/texmf.texlive/fonts/typ
e1/bluesky/cm/cmsy10.pfb></usr/local/gwTeX/texmf.texlive/fonts/type1/bluesky/cm
/cmti12.pfb></usr/local/gwTeX/texmf.texlive/fonts/type1/bluesky/latex-fonts/las
y10.pfb>
Output written on panjo.pdf (6 pages, 115239 bytes).
PDF statistics:
 195 PDF objects out of 1000 (max. 8388607)
 30 named destinations out of 1000 (max. 131072)
 135 words of extra memory for PDF output out of 10000 (max. 10000000)

